#
# There is insufficient memory for the Java Runtime Environment to continue.
# Native memory allocation (mmap) failed to map 130023424 bytes. Error detail: G1 virtual space
# Possible reasons:
#   The system is out of physical RAM or swap space
#   This process is running with CompressedOops enabled, and the Java Heap may be blocking the growth of the native heap
# Possible solutions:
#   Reduce memory load on the system
#   Increase physical memory or swap space
#   Check if swap backing store is full
#   Decrease Java heap size (-Xmx/-Xms)
#   Decrease number of Java threads
#   Decrease Java thread stack sizes (-Xss)
#   Set larger code cache with -XX:ReservedCodeCacheSize=
#   JVM is running with Unscaled Compressed Oops mode in which the Java heap is
#     placed in the first 4GB address space. The Java Heap base address is the
#     maximum limit for the native heap growth. Please use -XX:HeapBaseMinAddress
#     to set the Java Heap base and to place the Java Heap above 4GB virtual address.
# This output file may be truncated or incomplete.
#
#  Out of Memory Error (os_windows.cpp:3703), pid=13124, tid=17236
#
# JRE version:  (23.0.1+11) (build )
# Java VM: Java HotSpot(TM) 64-Bit Server VM (23.0.1+11-39, mixed mode, sharing, tiered, compressed oops, compressed class ptrs, g1 gc, windows-amd64)
# No core dump will be written. Minidumps are not enabled by default on client versions of Windows
#

---------------  S U M M A R Y ------------

Command Line: 

Host: 12th Gen Intel(R) Core(TM) i3-1215U, 8 cores, 7G,  Windows 11 , 64 bit Build 26100 (10.0.26100.8246)
Time: Fri Apr 24 16:04:55 2026 Malay Peninsula Standard Time elapsed time: 0.136211 seconds (0d 0h 0m 0s)

---------------  T H R E A D  ---------------

Current thread (0x000001ecb646a510):  JavaThread "Unknown thread" [_thread_in_vm, id=17236, stack(0x000000c7bcd00000,0x000000c7bce00000) (1024K)]

Stack: [0x000000c7bcd00000,0x000000c7bce00000]
Native frames: (J=compiled Java code, j=interpreted, Vv=VM code, C=native code)
V  [jvm.dll+0x6e08b9]  (no source info available)
V  [jvm.dll+0x87dc83]  (no source info available)
V  [jvm.dll+0x88010e]  (no source info available)
V  [jvm.dll+0x8807e3]  (no source info available)
V  [jvm.dll+0x27aee6]  (no source info available)
V  [jvm.dll+0x6dd1c5]  (no source info available)
V  [jvm.dll+0x6d104a]  (no source info available)
V  [jvm.dll+0x35b3ea]  (no source info available)
V  [jvm.dll+0x3637f6]  (no source info available)
V  [jvm.dll+0x34fd5e]  (no source info available)
V  [jvm.dll+0x34fff8]  (no source info available)
V  [jvm.dll+0x3289cc]  (no source info available)
V  [jvm.dll+0x32966e]  (no source info available)
V  [jvm.dll+0x844355]  (no source info available)
V  [jvm.dll+0x3b9848]  (no source info available)
V  [jvm.dll+0x82d14c]  (no source info available)
V  [jvm.dll+0x454d4e]  (no source info available)
V  [jvm.dll+0x456bd1]  (no source info available)
C  [jli.dll+0x52a3]  (no source info available)
C  [ucrtbase.dll+0x37b0]  (no source info available)
C  [KERNEL32.DLL+0x2e8d7]  (no source info available)
C  [ntdll.dll+0x8c3fc]  (no source info available)

Lock stack of current Java thread (top to bottom):


---------------  P R O C E S S  ---------------

Threads class SMR info:
_java_thread_list=0x00007ffb13e73618, length=0, elements={
}

Java Threads: ( => current thread )
Total: 0

Other Threads:
  0x000001ecb87ef460 WorkerThread "GC Thread#0"                     [id=26232, stack(0x000000c7bce00000,0x000000c7bcf00000) (1024K)]
  0x000001ecb88052b0 ConcurrentGCThread "G1 Main Marker"            [id=4504, stack(0x000000c7bcf00000,0x000000c7bd000000) (1024K)]
  0x000001ecb8805dc0 WorkerThread "G1 Conc#0"                       [id=10224, stack(0x000000c7bd000000,0x000000c7bd100000) (1024K)]

[error occurred during error reporting (printing all threads), id 0xc0000005, EXCEPTION_ACCESS_VIOLATION (0xc0000005) at pc=0x00007ffb135bbfba]
VM state: not at safepoint (not fully initialized)

VM Mutex/Monitor currently owned by a thread:  ([mutex/lock_event])
[0x00007ffb13ef3a10] Heap_lock - owner thread: 0x000001ecb646a510

Heap address: 0x0000000084400000, size: 1980 MB, Compressed Oops mode: 32-bit

CDS archive(s) mapped at: [0x0000000000000000-0x0000000000000000-0x0000000000000000), size 0, SharedBaseAddress: 0x0000000800000000, ArchiveRelocationMode: 1.
Narrow klass base: 0x0000000000000000, Narrow klass shift: 0, Narrow klass range: 0x0

GC Precious Log:
 CardTable entry size: 512
 Card Set container configuration: InlinePtr #cards 5 size 8 Array Of Cards #cards 10 size 36 Howl #buckets 4 coarsen threshold 1843 Howl Bitmap #cards 512 size 80 coarsen threshold 460 Card regions per heap region 1 cards per card region 2048

Heap:
 garbage-first heap   total reserved 2027520K, committed 0K, used 0K [0x0000000084400000, 0x0000000100000000)
  region size 1024K, 0 young (0K), 0 survivors (0K)

[error occurred during error reporting (printing heap information), id 0xc0000005, EXCEPTION_ACCESS_VIOLATION (0xc0000005) at pc=0x00007ffb139bc3c9]
GC Heap History (0 events):
No events

Dll operation events (1 events):
Event: 0.088 Loaded shared library C:\Program Files\Java\jdk-23\bin\java.dll

Deoptimization events (0 events):
No events

Classes loaded (0 events):
No events

Classes unloaded (0 events):
No events

Classes redefined (0 events):
No events

Internal exceptions (0 events):
No events

VM Operations (0 events):
No events

Memory protections (0 events):
No events

Nmethod flushes (0 events):
No events

Events (0 events):
No events


Dynamic libraries:
0x00007ff71bbb0000 - 0x00007ff71bbc0000 	C:\Program Files\Java\jdk-23\bin\java.exe
0x00007ffbeb0c0000 - 0x00007ffbeb327000 	C:\WINDOWS\SYSTEM32\ntdll.dll
0x00007ffbea0a0000 - 0x00007ffbea169000 	C:\WINDOWS\System32\KERNEL32.DLL
0x00007ffbe7ba0000 - 0x00007ffbe7f94000 	C:\WINDOWS\System32\KERNELBASE.dll
0x00007ffbe7a50000 - 0x00007ffbe7b9b000 	C:\WINDOWS\System32\ucrtbase.dll
0x00007ffbce5f0000 - 0x00007ffbce607000 	C:\Program Files\Java\jdk-23\bin\jli.dll
0x00007ffbeab90000 - 0x00007ffbead55000 	C:\WINDOWS\System32\USER32.dll
0x00007ffbe8230000 - 0x00007ffbe8257000 	C:\WINDOWS\System32\win32u.dll
0x00007ffbea580000 - 0x00007ffbea5ab000 	C:\WINDOWS\System32\GDI32.dll
0x00007ffbe8100000 - 0x00007ffbe822b000 	C:\WINDOWS\System32\gdi32full.dll
0x00007ffbe7fa0000 - 0x00007ffbe8043000 	C:\WINDOWS\System32\msvcp_win.dll
0x00007ffbd69f0000 - 0x00007ffbd6c83000 	C:\WINDOWS\WinSxS\amd64_microsoft.windows.common-controls_6595b64144ccf1df_6.0.26100.8115_none_3e075c82e3354f9c\COMCTL32.dll
0x00007ffbea4d0000 - 0x00007ffbea579000 	C:\WINDOWS\System32\msvcrt.dll
0x00007ffbbc6d0000 - 0x00007ffbbc6eb000 	C:\Program Files\Java\jdk-23\bin\VCRUNTIME140.dll
0x00007ffbea060000 - 0x00007ffbea092000 	C:\WINDOWS\System32\IMM32.DLL
0x00000000768b0000 - 0x00000000768bc000 	C:\Program Files (x86)\360\Total Security\safemon\SafeWrapper.dll
0x00007ffbea8c0000 - 0x00007ffbea976000 	C:\WINDOWS\System32\ADVAPI32.dll
0x00007ffbe9e60000 - 0x00007ffbe9f07000 	C:\WINDOWS\System32\sechost.dll
0x00007ffbeadd0000 - 0x00007ffbeaee8000 	C:\WINDOWS\System32\RPCRT4.dll
0x00007ffbb78e0000 - 0x00007ffbb798c000 	C:\Program Files (x86)\360\Total Security\safemon\libzdtp64.dll
0x00007ffbe8e50000 - 0x00007ffbe95b7000 	C:\WINDOWS\System32\SHELL32.dll
0x00007ffbe8ce0000 - 0x00007ffbe8e4a000 	C:\WINDOWS\System32\wintypes.dll
0x00007ffbe95c0000 - 0x00007ffbe9942000 	C:\WINDOWS\System32\combase.dll
0x00007ffbead60000 - 0x00007ffbeadc6000 	C:\WINDOWS\System32\SHLWAPI.dll
0x00007ffbe8470000 - 0x00007ffbe8cd8000 	C:\WINDOWS\System32\Windows.Storage.dll
0x00007ffbe7470000 - 0x00007ffbe747b000 	C:\WINDOWS\SYSTEM32\VERSION.dll
0x00007ffbd14d0000 - 0x00007ffbd14dc000 	C:\Program Files\Java\jdk-23\bin\vcruntime140_1.dll
0x00007ffba4730000 - 0x00007ffba47be000 	C:\Program Files\Java\jdk-23\bin\msvcp140.dll
0x00007ffb13280000 - 0x00007ffb13fcf000 	C:\Program Files\Java\jdk-23\bin\server\jvm.dll
0x00007ffbe9f10000 - 0x00007ffbe9f90000 	C:\WINDOWS\System32\WS2_32.dll
0x00007ffbe77f0000 - 0x00007ffbe784e000 	C:\WINDOWS\SYSTEM32\POWRPROF.dll
0x00007ffbd7d00000 - 0x00007ffbd7d36000 	C:\WINDOWS\SYSTEM32\WINMM.dll
0x00007ffbe77c0000 - 0x00007ffbe77d4000 	C:\WINDOWS\SYSTEM32\UMPDC.dll
0x00007ffbe66b0000 - 0x00007ffbe66cb000 	C:\WINDOWS\SYSTEM32\kernel.appcore.dll
0x00007ffbcf9a0000 - 0x00007ffbcf9aa000 	C:\Program Files\Java\jdk-23\bin\jimage.dll
0x00007ffbe5770000 - 0x00007ffbe59b2000 	C:\WINDOWS\SYSTEM32\DBGHELP.DLL
0x00007ffbea370000 - 0x00007ffbea448000 	C:\WINDOWS\System32\OLEAUT32.dll
0x00007ffbbf7a0000 - 0x00007ffbbf7db000 	C:\WINDOWS\SYSTEM32\dbgcore.DLL
0x00007ffbe8050000 - 0x00007ffbe80f5000 	C:\WINDOWS\System32\bcryptPrimitives.dll
0x00007ffbb84b0000 - 0x00007ffbb84ce000 	C:\Program Files\Java\jdk-23\bin\java.dll
0x00007ffbea5b0000 - 0x00007ffbea747000 	C:\WINDOWS\System32\ole32.dll

dbghelp: loaded successfully - version: 4.0.5 - missing functions: none
symbol engine: initialized successfully - sym options: 0x614 - pdb path: .;C:\Program Files\Java\jdk-23\bin;C:\WINDOWS\SYSTEM32;C:\WINDOWS\WinSxS\amd64_microsoft.windows.common-controls_6595b64144ccf1df_6.0.26100.8115_none_3e075c82e3354f9c;C:\Program Files (x86)\360\Total Security\safemon;C:\Program Files\Java\jdk-23\bin\server

VM Arguments:
java_command: <unknown>
java_class_path (initial): <not set>
Launcher Type: SUN_STANDARD

[Global flags]
     intx CICompilerCount                          = 4                                         {product} {ergonomic}
     uint ConcGCThreads                            = 2                                         {product} {ergonomic}
     uint G1ConcRefinementThreads                  = 8                                         {product} {ergonomic}
   size_t G1HeapRegionSize                         = 1048576                                   {product} {ergonomic}
   size_t InitialHeapSize                          = 130023424                                 {product} {ergonomic}
   size_t MarkStackSize                            = 4194304                                   {product} {ergonomic}
   size_t MarkStackSizeMax                         = 536870912                                 {product} {ergonomic}
   size_t MaxHeapSize                              = 2076180480                                {product} {ergonomic}
   size_t MinHeapDeltaBytes                        = 1048576                                   {product} {ergonomic}
   size_t MinHeapSize                              = 8388608                                   {product} {ergonomic}
    uintx NonNMethodCodeHeapSize                   = 5832704                                {pd product} {ergonomic}
    uintx NonProfiledCodeHeapSize                  = 122945536                              {pd product} {ergonomic}
    uintx ProfiledCodeHeapSize                     = 122880000                              {pd product} {ergonomic}
    uintx ReservedCodeCacheSize                    = 251658240                              {pd product} {ergonomic}
     bool SegmentedCodeCache                       = true                                      {product} {ergonomic}
   size_t SoftMaxHeapSize                          = 2076180480                             {manageable} {ergonomic}
     bool UseCompressedOops                        = true                           {product lp64_product} {ergonomic}
     bool UseG1GC                                  = true                                      {product} {ergonomic}
     bool UseLargePagesIndividualAllocation        = false                                  {pd product} {ergonomic}

Logging:
Log output configuration:
 #0: stdout all=warning uptime,level,tags foldmultilines=false
 #1: stderr all=off uptime,level,tags foldmultilines=false

Environment Variables:
PATH=C:\Users\athir\AppData\Local\Programs\Microsoft VS Code;C:\laragon\bin\php\php-8.1.16;C:\Program Files\Common Files\Oracle\Java\javapath;C:\WINDOWS\system32;C:\WINDOWS;C:\WINDOWS\System32\Wbem;C:\WINDOWS\System32\WindowsPowerShell\v1.0\;C:\WINDOWS\System32\OpenSSH\;C:\Program Files\Git\cmd;C:\Program Files\Git\mingw64\bin;C:\Program Files\Git\usr\bin;C:\Program Files\Java\jdk-23\bin;C:\ELK\logstash-8.17.0-windows-x86_64\logstash-8.17.0\bin;C:\ProgramData\ComposerSetup\bin;C:\Program Files\nodejs\;C:\Program Files\Tesseract-OCR;C:\Program Files (x86)\Windows Kits\10\Windows Performance Toolkit\;C:\Users\athir\AppData\Local\Programs\Python\Launcher\;C:\Users\athir\AppData\Local\Microsoft\WindowsApps;C:\xampp\php;C:\Users\athir\composer;C:\Users\athir\AppData\Roaming\Composer\vendor\bin;C:\Users\athir\AppData\Local\Programs\Microsoft VS Code\bin;C:\Users\athir\AppData\Roaming\npm;C:\Users\athir\AppData\Local\Programs\Antigravity\bin;C:\Users\athir\develop\flutter\bin;
USERNAME=athir
OS=Windows_NT
PROCESSOR_IDENTIFIER=Intel64 Family 6 Model 154 Stepping 4, GenuineIntel
TMP=C:\Users\athir\AppData\Local\Temp
TEMP=C:\Users\athir\AppData\Local\Temp




Periodic native trim disabled

---------------  S Y S T E M  ---------------

OS:
 Windows 11 , 64 bit Build 26100 (10.0.26100.8246)
OS uptime: 3 days 4:06 hours
Hyper-V role detected

CPU: total 8 (initial active 8) (4 cores per cpu, 2 threads per core) family 6 model 154 stepping 4 microcode 0x41f, cx8, cmov, fxsr, ht, mmx, 3dnowpref, sse, sse2, sse3, ssse3, sse4.1, sse4.2, popcnt, lzcnt, tsc, tscinvbit, avx, avx2, aes, erms, clmul, bmi1, bmi2, adx, sha, fma, vzeroupper, clflush, clflushopt, clwb, hv, serialize, rdtscp, rdpid, fsrm, gfni, f16c, cet_ibt, cet_ss
Processor Information for processor 0
  Max Mhz: 1200, Current Mhz: 1200, Mhz Limit: 1200
Processor Information for processor 1
  Max Mhz: 1200, Current Mhz: 1200, Mhz Limit: 1200
Processor Information for processor 2
  Max Mhz: 1200, Current Mhz: 1200, Mhz Limit: 1200
Processor Information for processor 3
  Max Mhz: 1200, Current Mhz: 1200, Mhz Limit: 1200
Processor Information for processor 4
  Max Mhz: 900, Current Mhz: 900, Mhz Limit: 900
Processor Information for processor 5
  Max Mhz: 900, Current Mhz: 900, Mhz Limit: 900
Processor Information for processor 6
  Max Mhz: 900, Current Mhz: 900, Mhz Limit: 900
Processor Information for processor 7
  Max Mhz: 900, Current Mhz: 900, Mhz Limit: 900

Memory: 4k page, system-wide physical 7916M (698M free)
TotalPageFile size 13274M (AvailPageFile size 137M)
current process WorkingSet (physical memory assigned to process): 15M, peak: 15M
current process commit charge ("private bytes"): 61M, peak: 185M

vm_info: Java HotSpot(TM) 64-Bit Server VM (23.0.1+11-39) for windows-amd64 JRE (23.0.1+11-39), built on 2024-09-30T07:20:43Z with MS VC++ 17.6 (VS2022)

END.
